2017-03-21 21:34:38 [org.springframework.web.context.ContextLoader]-[INFO] [localhost-startStop-1] (ContextLoader.java:305) ->Root WebApplicationContext: initialization started 
2017-03-21 21:34:38 [org.springframework.web.context.support.XmlWebApplicationContext]-[INFO] [localhost-startStop-1] (AbstractApplicationContext.java:582) ->Refreshing Root WebApplicationContext: startup date [Tue Mar 21 21:34:38 CST 2017]; root of context hierarchy 
2017-03-21 21:34:38 [org.springframework.beans.factory.xml.XmlBeanDefinitionReader]-[INFO] [localhost-startStop-1] (XmlBeanDefinitionReader.java:317) ->Loading XML bean definitions from file [E:\code\intellijidea\javaweb\lazy\lazy-web\target\classes\conf\applicationContext-dao.xml] 
2017-03-21 21:34:39 [org.springframework.beans.factory.xml.XmlBeanDefinitionReader]-[INFO] [localhost-startStop-1] (XmlBeanDefinitionReader.java:317) ->Loading XML bean definitions from file [E:\code\intellijidea\javaweb\lazy\lazy-web\target\classes\conf\test.xml] 
2017-03-21 21:34:39 [org.springframework.beans.factory.xml.XmlBeanDefinitionReader]-[INFO] [localhost-startStop-1] (XmlBeanDefinitionReader.java:317) ->Loading XML bean definitions from file [E:\code\intellijidea\javaweb\lazy\lazy-web\target\classes\conf\applicationContext-service.xml] 
2017-03-21 21:34:39 [org.springframework.beans.factory.xml.XmlBeanDefinitionReader]-[INFO] [localhost-startStop-1] (XmlBeanDefinitionReader.java:317) ->Loading XML bean definitions from file [E:\code\intellijidea\javaweb\lazy\lazy-web\target\classes\conf\applicationContext-trans.xml] 
2017-03-21 21:34:39 [org.springframework.context.support.PropertySourcesPlaceholderConfigurer]-[INFO] [localhost-startStop-1] (PropertiesLoaderSupport.java:172) ->Loading properties file from class path resource [prop/db.properties] 
2017-03-21 21:34:39 [org.springframework.beans.factory.annotation.AutowiredAnnotationBeanPostProcessor]-[INFO] [localhost-startStop-1] (AutowiredAnnotationBeanPostProcessor.java:155) ->JSR-330 'javax.inject.Inject' annotation found and supported for autowiring 
2017-03-21 21:34:40 [com.alibaba.druid.pool.DruidDataSource]-[INFO] [localhost-startStop-1] (DruidDataSource.java:715) ->{dataSource-1} inited 
2017-03-21 21:34:41 [org.springframework.web.context.ContextLoader]-[INFO] [localhost-startStop-1] (ContextLoader.java:345) ->Root WebApplicationContext: initialization completed in 2636 ms 
2017-03-21 21:34:41 [org.springframework.web.servlet.DispatcherServlet]-[INFO] [localhost-startStop-1] (FrameworkServlet.java:489) ->FrameworkServlet 'lazy-web': initialization started 
2017-03-21 21:34:41 [org.springframework.web.context.support.XmlWebApplicationContext]-[INFO] [localhost-startStop-1] (AbstractApplicationContext.java:582) ->Refreshing WebApplicationContext for namespace 'lazy-web-servlet': startup date [Tue Mar 21 21:34:41 CST 2017]; parent: Root WebApplicationContext 
2017-03-21 21:34:41 [org.springframework.beans.factory.xml.XmlBeanDefinitionReader]-[INFO] [localhost-startStop-1] (XmlBeanDefinitionReader.java:317) ->Loading XML bean definitions from class path resource [conf/spring-mvc.xml] 
2017-03-21 21:34:41 [org.springframework.beans.factory.annotation.AutowiredAnnotationBeanPostProcessor]-[INFO] [localhost-startStop-1] (AutowiredAnnotationBeanPostProcessor.java:155) ->JSR-330 'javax.inject.Inject' annotation found and supported for autowiring 
2017-03-21 21:34:41 [org.springframework.web.servlet.mvc.method.annotation.RequestMappingHandlerMapping]-[INFO] [localhost-startStop-1] (AbstractHandlerMethodMapping.java:543) ->Mapped "{[/company/getCompanys/{groupId}]}" onto public com.lazy.commons.jsoncontent.ResponseContent com.lazy.web.controller.CompanyController.getCompanys(java.lang.Long) 
2017-03-21 21:34:41 [org.springframework.web.servlet.mvc.method.annotation.RequestMappingHandlerMapping]-[INFO] [localhost-startStop-1] (AbstractHandlerMethodMapping.java:543) ->Mapped "{[/company/getCompany/{companyId}]}" onto public com.lazy.commons.jsoncontent.ResponseContent com.lazy.web.controller.CompanyController.getCompany(java.lang.Long) 
2017-03-21 21:34:41 [org.springframework.web.servlet.mvc.method.annotation.RequestMappingHandlerMapping]-[INFO] [localhost-startStop-1] (AbstractHandlerMethodMapping.java:543) ->Mapped "{[/group/getGroup/{groupId}]}" onto public com.lazy.commons.jsoncontent.ResponseContent com.lazy.web.controller.GroupController.getGroup(long) 
2017-03-21 21:34:41 [org.springframework.web.servlet.mvc.method.annotation.RequestMappingHandlerMapping]-[INFO] [localhost-startStop-1] (AbstractHandlerMethodMapping.java:543) ->Mapped "{[/group/getGroups]}" onto public com.lazy.commons.jsoncontent.ResponseContent com.lazy.web.controller.GroupController.getGroups() 
2017-03-21 21:34:41 [org.springframework.web.servlet.mvc.method.annotation.RequestMappingHandlerMapping]-[INFO] [localhost-startStop-1] (AbstractHandlerMethodMapping.java:543) ->Mapped "{[/match/findMatchByCreateUserId/{id}]}" onto public com.lazy.commons.jsoncontent.ResponseContent com.lazy.web.controller.MatchController.findMatch(java.lang.Long) 
2017-03-21 21:34:41 [org.springframework.web.servlet.mvc.method.annotation.RequestMappingHandlerMapping]-[INFO] [localhost-startStop-1] (AbstractHandlerMethodMapping.java:543) ->Mapped "{[/match/matchEdit/{id}]}" onto public java.lang.String com.lazy.web.controller.MatchController.matchEdit(java.lang.Long) 
2017-03-21 21:34:41 [org.springframework.web.servlet.mvc.method.annotation.RequestMappingHandlerMapping]-[INFO] [localhost-startStop-1] (AbstractHandlerMethodMapping.java:543) ->Mapped "{[/match/matchView/{id}]}" onto public java.lang.String com.lazy.web.controller.MatchController.matchView(java.lang.Long) 
2017-03-21 21:34:41 [org.springframework.web.servlet.mvc.method.annotation.RequestMappingHandlerMapping]-[INFO] [localhost-startStop-1] (AbstractHandlerMethodMapping.java:543) ->Mapped "{[/match/matchDelete/{id}]}" onto public java.lang.String com.lazy.web.controller.MatchController.matchDelete(java.lang.Long) 
2017-03-21 21:34:41 [org.springframework.web.servlet.mvc.method.annotation.RequestMappingHandlerMapping]-[INFO] [localhost-startStop-1] (AbstractHandlerMethodMapping.java:543) ->Mapped "{[/match/updateMatch]}" onto public java.lang.String com.lazy.web.controller.MatchController.updateMatch(com.lazy.web.pojo.Match) 
2017-03-21 21:34:41 [org.springframework.web.servlet.mvc.method.annotation.RequestMappingHandlerMapping]-[INFO] [localhost-startStop-1] (AbstractHandlerMethodMapping.java:543) ->Mapped "{[/match/addMatch]}" onto public java.lang.String com.lazy.web.controller.MatchController.addMatch(com.lazy.web.pojo.Match) 
2017-03-21 21:34:41 [org.springframework.web.servlet.mvc.method.annotation.RequestMappingHandlerMapping]-[INFO] [localhost-startStop-1] (AbstractHandlerMethodMapping.java:543) ->Mapped "{[/member/findMemberByMatchId/{id}]}" onto public com.lazy.commons.jsoncontent.ResponseContent com.lazy.web.controller.MatchMemberController.findMatch(java.lang.Long) 
2017-03-21 21:34:41 [org.springframework.web.servlet.mvc.method.annotation.RequestMappingHandlerMapping]-[INFO] [localhost-startStop-1] (AbstractHandlerMethodMapping.java:543) ->Mapped "{[/{model}/page/{page}]}" onto public java.lang.String com.lazy.web.controller.PageController.showPageOneModel(java.lang.String,java.lang.String) 
2017-03-21 21:34:41 [org.springframework.web.servlet.mvc.method.annotation.RequestMappingHandlerMapping]-[INFO] [localhost-startStop-1] (AbstractHandlerMethodMapping.java:543) ->Mapped "{[/{model1}/{model2}/page/{page}]}" onto public java.lang.String com.lazy.web.controller.PageController.showPageOneModel(java.lang.String,java.lang.String,java.lang.String) 
2017-03-21 21:34:41 [org.springframework.web.servlet.mvc.method.annotation.RequestMappingHandlerMapping]-[INFO] [localhost-startStop-1] (AbstractHandlerMethodMapping.java:543) ->Mapped "{[/user/index]}" onto public java.lang.String com.lazy.web.controller.UserController.index() 
2017-03-21 21:34:41 [org.springframework.web.servlet.mvc.method.annotation.RequestMappingHandlerMapping]-[INFO] [localhost-startStop-1] (AbstractHandlerMethodMapping.java:543) ->Mapped "{[/user/update]}" onto public java.lang.String com.lazy.web.controller.UserController.update(com.lazy.web.pojo.User) 
2017-03-21 21:34:41 [org.springframework.web.servlet.mvc.method.annotation.RequestMappingHandlerMapping]-[INFO] [localhost-startStop-1] (AbstractHandlerMethodMapping.java:543) ->Mapped "{[/user/findUserByLoginId/{loginId}]}" onto public com.lazy.commons.jsoncontent.ResponseContent com.lazy.web.controller.UserController.findUserByLoginId(java.lang.String) 
2017-03-21 21:34:41 [org.springframework.web.servlet.mvc.method.annotation.RequestMappingHandlerMapping]-[INFO] [localhost-startStop-1] (AbstractHandlerMethodMapping.java:543) ->Mapped "{[/user/login]}" onto public com.lazy.commons.jsoncontent.ResponseContent com.lazy.web.controller.UserController.userLogin(com.lazy.web.pojo.User,javax.servlet.http.HttpServletRequest) 
2017-03-21 21:34:41 [org.springframework.web.servlet.mvc.method.annotation.RequestMappingHandlerMapping]-[INFO] [localhost-startStop-1] (AbstractHandlerMethodMapping.java:543) ->Mapped "{[/user/logout]}" onto public com.lazy.commons.jsoncontent.ResponseContent com.lazy.web.controller.UserController.userLogout(javax.servlet.http.HttpServletRequest) 
2017-03-21 21:34:41 [org.springframework.web.servlet.mvc.method.annotation.RequestMappingHandlerMapping]-[INFO] [localhost-startStop-1] (AbstractHandlerMethodMapping.java:543) ->Mapped "{[/user/regist]}" onto public com.lazy.commons.jsoncontent.ResponseContent com.lazy.web.controller.UserController.userRegist(com.lazy.web.pojo.User) throws java.io.UnsupportedEncodingException 
2017-03-21 21:34:41 [org.springframework.web.servlet.mvc.method.annotation.RequestMappingHandlerMapping]-[INFO] [localhost-startStop-1] (AbstractHandlerMethodMapping.java:543) ->Mapped "{[/user/modifyPwd]}" onto public com.lazy.commons.jsoncontent.ResponseContent com.lazy.web.controller.UserController.modifyPwd(java.lang.Long,java.lang.String,java.lang.String) 
2017-03-21 21:34:42 [org.springframework.web.servlet.mvc.method.annotation.RequestMappingHandlerAdapter]-[INFO] [localhost-startStop-1] (RequestMappingHandlerAdapter.java:534) ->Looking for @ControllerAdvice: WebApplicationContext for namespace 'lazy-web-servlet': startup date [Tue Mar 21 21:34:41 CST 2017]; parent: Root WebApplicationContext 
2017-03-21 21:34:42 [org.springframework.web.servlet.mvc.method.annotation.RequestMappingHandlerAdapter]-[INFO] [localhost-startStop-1] (RequestMappingHandlerAdapter.java:534) ->Looking for @ControllerAdvice: WebApplicationContext for namespace 'lazy-web-servlet': startup date [Tue Mar 21 21:34:41 CST 2017]; parent: Root WebApplicationContext 
2017-03-21 21:34:42 [org.springframework.web.servlet.mvc.method.annotation.RequestMappingHandlerAdapter]-[INFO] [localhost-startStop-1] (RequestMappingHandlerAdapter.java:534) ->Looking for @ControllerAdvice: WebApplicationContext for namespace 'lazy-web-servlet': startup date [Tue Mar 21 21:34:41 CST 2017]; parent: Root WebApplicationContext 
2017-03-21 21:34:42 [org.springframework.web.servlet.handler.SimpleUrlHandlerMapping]-[INFO] [localhost-startStop-1] (AbstractUrlHandlerMapping.java:354) ->Mapped URL path [/static/**] onto handler 'org.springframework.web.servlet.resource.ResourceHttpRequestHandler#0' 
2017-03-21 21:34:43 [org.springframework.web.servlet.DispatcherServlet]-[INFO] [localhost-startStop-1] (FrameworkServlet.java:508) ->FrameworkServlet 'lazy-web': initialization completed in 1638 ms 
2017-03-21 22:08:38 [org.springframework.web.context.ContextLoader]-[INFO] [localhost-startStop-1] (ContextLoader.java:305) ->Root WebApplicationContext: initialization started 
2017-03-21 22:08:39 [org.springframework.web.context.support.XmlWebApplicationContext]-[INFO] [localhost-startStop-1] (AbstractApplicationContext.java:582) ->Refreshing Root WebApplicationContext: startup date [Tue Mar 21 22:08:39 CST 2017]; root of context hierarchy 
2017-03-21 22:08:39 [org.springframework.beans.factory.xml.XmlBeanDefinitionReader]-[INFO] [localhost-startStop-1] (XmlBeanDefinitionReader.java:317) ->Loading XML bean definitions from file [E:\code\intellijidea\javaweb\lazy\lazy-web\target\classes\conf\applicationContext-dao.xml] 
2017-03-21 22:08:39 [org.springframework.beans.factory.xml.XmlBeanDefinitionReader]-[INFO] [localhost-startStop-1] (XmlBeanDefinitionReader.java:317) ->Loading XML bean definitions from file [E:\code\intellijidea\javaweb\lazy\lazy-web\target\classes\conf\test.xml] 
2017-03-21 22:08:39 [org.springframework.beans.factory.xml.XmlBeanDefinitionReader]-[INFO] [localhost-startStop-1] (XmlBeanDefinitionReader.java:317) ->Loading XML bean definitions from file [E:\code\intellijidea\javaweb\lazy\lazy-web\target\classes\conf\applicationContext-service.xml] 
2017-03-21 22:08:39 [org.springframework.beans.factory.xml.XmlBeanDefinitionReader]-[INFO] [localhost-startStop-1] (XmlBeanDefinitionReader.java:317) ->Loading XML bean definitions from file [E:\code\intellijidea\javaweb\lazy\lazy-web\target\classes\conf\applicationContext-trans.xml] 
2017-03-21 22:08:39 [org.springframework.context.support.PropertySourcesPlaceholderConfigurer]-[INFO] [localhost-startStop-1] (PropertiesLoaderSupport.java:172) ->Loading properties file from class path resource [prop/db.properties] 
2017-03-21 22:08:39 [org.springframework.beans.factory.annotation.AutowiredAnnotationBeanPostProcessor]-[INFO] [localhost-startStop-1] (AutowiredAnnotationBeanPostProcessor.java:155) ->JSR-330 'javax.inject.Inject' annotation found and supported for autowiring 
2017-03-21 22:08:40 [com.alibaba.druid.pool.DruidDataSource]-[INFO] [localhost-startStop-1] (DruidDataSource.java:715) ->{dataSource-1} inited 
2017-03-21 22:08:40 [org.springframework.web.context.ContextLoader]-[INFO] [localhost-startStop-1] (ContextLoader.java:345) ->Root WebApplicationContext: initialization completed in 1939 ms 
2017-03-21 22:08:40 [org.springframework.web.servlet.DispatcherServlet]-[INFO] [localhost-startStop-1] (FrameworkServlet.java:489) ->FrameworkServlet 'lazy-web': initialization started 
2017-03-21 22:08:41 [org.springframework.web.context.support.XmlWebApplicationContext]-[INFO] [localhost-startStop-1] (AbstractApplicationContext.java:582) ->Refreshing WebApplicationContext for namespace 'lazy-web-servlet': startup date [Tue Mar 21 22:08:41 CST 2017]; parent: Root WebApplicationContext 
2017-03-21 22:08:41 [org.springframework.beans.factory.xml.XmlBeanDefinitionReader]-[INFO] [localhost-startStop-1] (XmlBeanDefinitionReader.java:317) ->Loading XML bean definitions from class path resource [conf/spring-mvc.xml] 
2017-03-21 22:08:41 [org.springframework.beans.factory.annotation.AutowiredAnnotationBeanPostProcessor]-[INFO] [localhost-startStop-1] (AutowiredAnnotationBeanPostProcessor.java:155) ->JSR-330 'javax.inject.Inject' annotation found and supported for autowiring 
2017-03-21 22:08:41 [org.springframework.web.servlet.mvc.method.annotation.RequestMappingHandlerMapping]-[INFO] [localhost-startStop-1] (AbstractHandlerMethodMapping.java:543) ->Mapped "{[/company/getCompany/{companyId}]}" onto public com.lazy.commons.jsoncontent.ResponseContent com.lazy.web.controller.CompanyController.getCompany(java.lang.Long) 
2017-03-21 22:08:41 [org.springframework.web.servlet.mvc.method.annotation.RequestMappingHandlerMapping]-[INFO] [localhost-startStop-1] (AbstractHandlerMethodMapping.java:543) ->Mapped "{[/company/getCompanys/{groupId}]}" onto public com.lazy.commons.jsoncontent.ResponseContent com.lazy.web.controller.CompanyController.getCompanys(java.lang.Long) 
2017-03-21 22:08:41 [org.springframework.web.servlet.mvc.method.annotation.RequestMappingHandlerMapping]-[INFO] [localhost-startStop-1] (AbstractHandlerMethodMapping.java:543) ->Mapped "{[/group/getGroup/{groupId}]}" onto public com.lazy.commons.jsoncontent.ResponseContent com.lazy.web.controller.GroupController.getGroup(long) 
2017-03-21 22:08:41 [org.springframework.web.servlet.mvc.method.annotation.RequestMappingHandlerMapping]-[INFO] [localhost-startStop-1] (AbstractHandlerMethodMapping.java:543) ->Mapped "{[/group/getGroups]}" onto public com.lazy.commons.jsoncontent.ResponseContent com.lazy.web.controller.GroupController.getGroups() 
2017-03-21 22:08:41 [org.springframework.web.servlet.mvc.method.annotation.RequestMappingHandlerMapping]-[INFO] [localhost-startStop-1] (AbstractHandlerMethodMapping.java:543) ->Mapped "{[/match/updateMatch]}" onto public java.lang.String com.lazy.web.controller.MatchController.updateMatch(com.lazy.web.pojo.Match) 
2017-03-21 22:08:41 [org.springframework.web.servlet.mvc.method.annotation.RequestMappingHandlerMapping]-[INFO] [localhost-startStop-1] (AbstractHandlerMethodMapping.java:543) ->Mapped "{[/match/addMatch]}" onto public java.lang.String com.lazy.web.controller.MatchController.addMatch(com.lazy.web.pojo.Match) 
2017-03-21 22:08:41 [org.springframework.web.servlet.mvc.method.annotation.RequestMappingHandlerMapping]-[INFO] [localhost-startStop-1] (AbstractHandlerMethodMapping.java:543) ->Mapped "{[/match/matchEdit/{id}]}" onto public java.lang.String com.lazy.web.controller.MatchController.matchEdit(java.lang.Long) 
2017-03-21 22:08:41 [org.springframework.web.servlet.mvc.method.annotation.RequestMappingHandlerMapping]-[INFO] [localhost-startStop-1] (AbstractHandlerMethodMapping.java:543) ->Mapped "{[/match/findMatchByCreateUserId/{id}]}" onto public com.lazy.commons.jsoncontent.ResponseContent com.lazy.web.controller.MatchController.findMatch(java.lang.Long) 
2017-03-21 22:08:41 [org.springframework.web.servlet.mvc.method.annotation.RequestMappingHandlerMapping]-[INFO] [localhost-startStop-1] (AbstractHandlerMethodMapping.java:543) ->Mapped "{[/match/matchView/{id}]}" onto public java.lang.String com.lazy.web.controller.MatchController.matchView(java.lang.Long) 
2017-03-21 22:08:41 [org.springframework.web.servlet.mvc.method.annotation.RequestMappingHandlerMapping]-[INFO] [localhost-startStop-1] (AbstractHandlerMethodMapping.java:543) ->Mapped "{[/match/matchDelete/{id}]}" onto public java.lang.String com.lazy.web.controller.MatchController.matchDelete(java.lang.Long) 
2017-03-21 22:08:41 [org.springframework.web.servlet.mvc.method.annotation.RequestMappingHandlerMapping]-[INFO] [localhost-startStop-1] (AbstractHandlerMethodMapping.java:543) ->Mapped "{[/member/findMemberByMatchId/{id}]}" onto public com.lazy.commons.jsoncontent.ResponseContent com.lazy.web.controller.MatchMemberController.findMatch(java.lang.Long) 
2017-03-21 22:08:41 [org.springframework.web.servlet.mvc.method.annotation.RequestMappingHandlerMapping]-[INFO] [localhost-startStop-1] (AbstractHandlerMethodMapping.java:543) ->Mapped "{[/{model}/page/{page}]}" onto public java.lang.String com.lazy.web.controller.PageController.showPageOneModel(java.lang.String,java.lang.String) 
2017-03-21 22:08:41 [org.springframework.web.servlet.mvc.method.annotation.RequestMappingHandlerMapping]-[INFO] [localhost-startStop-1] (AbstractHandlerMethodMapping.java:543) ->Mapped "{[/{model1}/{model2}/page/{page}]}" onto public java.lang.String com.lazy.web.controller.PageController.showPageOneModel(java.lang.String,java.lang.String,java.lang.String) 
2017-03-21 22:08:41 [org.springframework.web.servlet.mvc.method.annotation.RequestMappingHandlerMapping]-[INFO] [localhost-startStop-1] (AbstractHandlerMethodMapping.java:543) ->Mapped "{[/user/index]}" onto public java.lang.String com.lazy.web.controller.UserController.index() 
2017-03-21 22:08:41 [org.springframework.web.servlet.mvc.method.annotation.RequestMappingHandlerMapping]-[INFO] [localhost-startStop-1] (AbstractHandlerMethodMapping.java:543) ->Mapped "{[/user/update]}" onto public java.lang.String com.lazy.web.controller.UserController.update(com.lazy.web.pojo.User) 
2017-03-21 22:08:41 [org.springframework.web.servlet.mvc.method.annotation.RequestMappingHandlerMapping]-[INFO] [localhost-startStop-1] (AbstractHandlerMethodMapping.java:543) ->Mapped "{[/user/findUserByLoginId/{loginId}]}" onto public com.lazy.commons.jsoncontent.ResponseContent com.lazy.web.controller.UserController.findUserByLoginId(java.lang.String) 
2017-03-21 22:08:41 [org.springframework.web.servlet.mvc.method.annotation.RequestMappingHandlerMapping]-[INFO] [localhost-startStop-1] (AbstractHandlerMethodMapping.java:543) ->Mapped "{[/user/modifyPwd]}" onto public com.lazy.commons.jsoncontent.ResponseContent com.lazy.web.controller.UserController.modifyPwd(java.lang.Long,java.lang.String,java.lang.String) 
2017-03-21 22:08:41 [org.springframework.web.servlet.mvc.method.annotation.RequestMappingHandlerMapping]-[INFO] [localhost-startStop-1] (AbstractHandlerMethodMapping.java:543) ->Mapped "{[/user/logout]}" onto public com.lazy.commons.jsoncontent.ResponseContent com.lazy.web.controller.UserController.userLogout(javax.servlet.http.HttpServletRequest) 
2017-03-21 22:08:41 [org.springframework.web.servlet.mvc.method.annotation.RequestMappingHandlerMapping]-[INFO] [localhost-startStop-1] (AbstractHandlerMethodMapping.java:543) ->Mapped "{[/user/regist]}" onto public com.lazy.commons.jsoncontent.ResponseContent com.lazy.web.controller.UserController.userRegist(com.lazy.web.pojo.User) throws java.io.UnsupportedEncodingException 
2017-03-21 22:08:41 [org.springframework.web.servlet.mvc.method.annotation.RequestMappingHandlerMapping]-[INFO] [localhost-startStop-1] (AbstractHandlerMethodMapping.java:543) ->Mapped "{[/user/login]}" onto public com.lazy.commons.jsoncontent.ResponseContent com.lazy.web.controller.UserController.userLogin(com.lazy.web.pojo.User,javax.servlet.http.HttpServletRequest) 
2017-03-21 22:08:41 [org.springframework.web.servlet.mvc.method.annotation.RequestMappingHandlerAdapter]-[INFO] [localhost-startStop-1] (RequestMappingHandlerAdapter.java:534) ->Looking for @ControllerAdvice: WebApplicationContext for namespace 'lazy-web-servlet': startup date [Tue Mar 21 22:08:41 CST 2017]; parent: Root WebApplicationContext 
2017-03-21 22:08:41 [org.springframework.web.servlet.mvc.method.annotation.RequestMappingHandlerAdapter]-[INFO] [localhost-startStop-1] (RequestMappingHandlerAdapter.java:534) ->Looking for @ControllerAdvice: WebApplicationContext for namespace 'lazy-web-servlet': startup date [Tue Mar 21 22:08:41 CST 2017]; parent: Root WebApplicationContext 
2017-03-21 22:08:42 [org.springframework.web.servlet.mvc.method.annotation.RequestMappingHandlerAdapter]-[INFO] [localhost-startStop-1] (RequestMappingHandlerAdapter.java:534) ->Looking for @ControllerAdvice: WebApplicationContext for namespace 'lazy-web-servlet': startup date [Tue Mar 21 22:08:41 CST 2017]; parent: Root WebApplicationContext 
2017-03-21 22:08:42 [org.springframework.web.servlet.handler.SimpleUrlHandlerMapping]-[INFO] [localhost-startStop-1] (AbstractUrlHandlerMapping.java:354) ->Mapped URL path [/static/**] onto handler 'org.springframework.web.servlet.resource.ResourceHttpRequestHandler#0' 
2017-03-21 22:08:42 [org.springframework.web.servlet.DispatcherServlet]-[INFO] [localhost-startStop-1] (FrameworkServlet.java:508) ->FrameworkServlet 'lazy-web': initialization completed in 1241 ms 
2017-03-21 22:29:34 [com.lazy.web.interceptor.UserInterceptor]-[ERROR] [http-bio-8080-exec-7] (UserInterceptor.java:46) ->＝＝＝＝＝＝＝＝＝＝＝＝＝＝＝＝＝＝＝＝＝＝＝＝＝＝＝＝＝＝＝＝＝＝＝＝ 
2017-03-21 22:29:34 [com.lazy.web.interceptor.UserInterceptor]-[ERROR] [http-bio-8080-exec-7] (UserInterceptor.java:48) ->访问地址:/web/match/page/signUp 
2017-03-21 22:29:34 [com.lazy.web.interceptor.UserInterceptor]-[ERROR] [http-bio-8080-exec-7] (UserInterceptor.java:73) ->拦截 
2017-03-21 22:29:34 [com.lazy.web.interceptor.UserInterceptor]-[ERROR] [http-bio-8080-exec-7] (UserInterceptor.java:46) ->＝＝＝＝＝＝＝＝＝＝＝＝＝＝＝＝＝＝＝＝＝＝＝＝＝＝＝＝＝＝＝＝＝＝＝＝ 
2017-03-21 22:29:34 [com.lazy.web.interceptor.UserInterceptor]-[ERROR] [http-bio-8080-exec-7] (UserInterceptor.java:48) ->访问地址:/web/user/page/login 
2017-03-21 22:29:34 [com.lazy.web.interceptor.UserInterceptor]-[ERROR] [http-bio-8080-exec-7] (UserInterceptor.java:64) ->在可访问列表内,用户IP地址>>>>0:0:0:0:0:0:0:1,用户主机>>>>0:0:0:0:0:0:0:1 
2017-03-21 22:29:34 [com.lazy.web.interceptor.UserInterceptor]-[ERROR] [http-bio-8080-exec-7] (UserInterceptor.java:66) ->放行 
2017-03-21 22:29:34 [com.lazy.web.interceptor.UserInterceptor]-[ERROR] [http-bio-8080-exec-7] (UserInterceptor.java:68) ->＝＝＝＝＝＝＝＝＝＝＝＝＝＝＝＝＝＝＝＝＝＝＝＝＝＝＝＝＝＝＝＝＝＝＝＝ 
2017-03-21 22:29:39 [com.lazy.web.interceptor.UserInterceptor]-[ERROR] [http-bio-8080-exec-12] (UserInterceptor.java:46) ->＝＝＝＝＝＝＝＝＝＝＝＝＝＝＝＝＝＝＝＝＝＝＝＝＝＝＝＝＝＝＝＝＝＝＝＝ 
2017-03-21 22:29:39 [com.lazy.web.interceptor.UserInterceptor]-[ERROR] [http-bio-8080-exec-12] (UserInterceptor.java:48) ->访问地址:/web/user/findUserByLoginId/test1111 
2017-03-21 22:29:39 [com.lazy.web.interceptor.UserInterceptor]-[ERROR] [http-bio-8080-exec-12] (UserInterceptor.java:64) ->在可访问列表内,用户IP地址>>>>0:0:0:0:0:0:0:1,用户主机>>>>0:0:0:0:0:0:0:1 
2017-03-21 22:29:39 [com.lazy.web.interceptor.UserInterceptor]-[ERROR] [http-bio-8080-exec-12] (UserInterceptor.java:66) ->放行 
2017-03-21 22:29:39 [com.lazy.web.interceptor.UserInterceptor]-[ERROR] [http-bio-8080-exec-12] (UserInterceptor.java:68) ->＝＝＝＝＝＝＝＝＝＝＝＝＝＝＝＝＝＝＝＝＝＝＝＝＝＝＝＝＝＝＝＝＝＝＝＝ 
2017-03-21 22:29:43 [com.lazy.web.interceptor.UserInterceptor]-[ERROR] [http-bio-8080-exec-12] (UserInterceptor.java:46) ->＝＝＝＝＝＝＝＝＝＝＝＝＝＝＝＝＝＝＝＝＝＝＝＝＝＝＝＝＝＝＝＝＝＝＝＝ 
2017-03-21 22:29:43 [com.lazy.web.interceptor.UserInterceptor]-[ERROR] [http-bio-8080-exec-12] (UserInterceptor.java:48) ->访问地址:/web/user/findUserByLoginId/test11 
2017-03-21 22:29:43 [com.lazy.web.interceptor.UserInterceptor]-[ERROR] [http-bio-8080-exec-12] (UserInterceptor.java:64) ->在可访问列表内,用户IP地址>>>>0:0:0:0:0:0:0:1,用户主机>>>>0:0:0:0:0:0:0:1 
2017-03-21 22:29:43 [com.lazy.web.interceptor.UserInterceptor]-[ERROR] [http-bio-8080-exec-12] (UserInterceptor.java:66) ->放行 
2017-03-21 22:29:43 [com.lazy.web.interceptor.UserInterceptor]-[ERROR] [http-bio-8080-exec-12] (UserInterceptor.java:68) ->＝＝＝＝＝＝＝＝＝＝＝＝＝＝＝＝＝＝＝＝＝＝＝＝＝＝＝＝＝＝＝＝＝＝＝＝ 
2017-03-21 22:29:45 [com.lazy.web.interceptor.UserInterceptor]-[ERROR] [http-bio-8080-exec-12] (UserInterceptor.java:46) ->＝＝＝＝＝＝＝＝＝＝＝＝＝＝＝＝＝＝＝＝＝＝＝＝＝＝＝＝＝＝＝＝＝＝＝＝ 
2017-03-21 22:29:45 [com.lazy.web.interceptor.UserInterceptor]-[ERROR] [http-bio-8080-exec-12] (UserInterceptor.java:48) ->访问地址:/web/user/findUserByLoginId/test11 
2017-03-21 22:29:45 [com.lazy.web.interceptor.UserInterceptor]-[ERROR] [http-bio-8080-exec-12] (UserInterceptor.java:64) ->在可访问列表内,用户IP地址>>>>0:0:0:0:0:0:0:1,用户主机>>>>0:0:0:0:0:0:0:1 
2017-03-21 22:29:45 [com.lazy.web.interceptor.UserInterceptor]-[ERROR] [http-bio-8080-exec-12] (UserInterceptor.java:66) ->放行 
2017-03-21 22:29:45 [com.lazy.web.interceptor.UserInterceptor]-[ERROR] [http-bio-8080-exec-12] (UserInterceptor.java:68) ->＝＝＝＝＝＝＝＝＝＝＝＝＝＝＝＝＝＝＝＝＝＝＝＝＝＝＝＝＝＝＝＝＝＝＝＝ 
2017-03-21 22:29:45 [com.lazy.web.interceptor.UserInterceptor]-[ERROR] [http-bio-8080-exec-5] (UserInterceptor.java:46) ->＝＝＝＝＝＝＝＝＝＝＝＝＝＝＝＝＝＝＝＝＝＝＝＝＝＝＝＝＝＝＝＝＝＝＝＝ 
2017-03-21 22:29:45 [com.lazy.web.interceptor.UserInterceptor]-[ERROR] [http-bio-8080-exec-5] (UserInterceptor.java:48) ->访问地址:/web/user/login 
2017-03-21 22:29:45 [com.lazy.web.interceptor.UserInterceptor]-[ERROR] [http-bio-8080-exec-5] (UserInterceptor.java:64) ->在可访问列表内,用户IP地址>>>>0:0:0:0:0:0:0:1,用户主机>>>>0:0:0:0:0:0:0:1 
2017-03-21 22:29:45 [com.lazy.web.interceptor.UserInterceptor]-[ERROR] [http-bio-8080-exec-5] (UserInterceptor.java:66) ->放行 
2017-03-21 22:29:45 [com.lazy.web.interceptor.UserInterceptor]-[ERROR] [http-bio-8080-exec-5] (UserInterceptor.java:68) ->＝＝＝＝＝＝＝＝＝＝＝＝＝＝＝＝＝＝＝＝＝＝＝＝＝＝＝＝＝＝＝＝＝＝＝＝ 
2017-03-21 23:16:17 [com.lazy.web.interceptor.UserInterceptor]-[ERROR] [http-bio-8080-exec-4] (UserInterceptor.java:46) ->＝＝＝＝＝＝＝＝＝＝＝＝＝＝＝＝＝＝＝＝＝＝＝＝＝＝＝＝＝＝＝＝＝＝＝＝ 
2017-03-21 23:16:17 [com.lazy.web.interceptor.UserInterceptor]-[ERROR] [http-bio-8080-exec-4] (UserInterceptor.java:48) ->访问地址:/web/user/page/login 
2017-03-21 23:16:17 [com.lazy.web.interceptor.UserInterceptor]-[ERROR] [http-bio-8080-exec-4] (UserInterceptor.java:64) ->在可访问列表内,用户IP地址>>>>0:0:0:0:0:0:0:1,用户主机>>>>0:0:0:0:0:0:0:1 
2017-03-21 23:16:17 [com.lazy.web.interceptor.UserInterceptor]-[ERROR] [http-bio-8080-exec-4] (UserInterceptor.java:66) ->放行 
2017-03-21 23:16:17 [com.lazy.web.interceptor.UserInterceptor]-[ERROR] [http-bio-8080-exec-4] (UserInterceptor.java:68) ->＝＝＝＝＝＝＝＝＝＝＝＝＝＝＝＝＝＝＝＝＝＝＝＝＝＝＝＝＝＝＝＝＝＝＝＝ 
2017-03-21 23:19:21 [org.springframework.web.context.ContextLoader]-[INFO] [localhost-startStop-1] (ContextLoader.java:305) ->Root WebApplicationContext: initialization started 
2017-03-21 23:19:21 [org.springframework.web.context.support.XmlWebApplicationContext]-[INFO] [localhost-startStop-1] (AbstractApplicationContext.java:582) ->Refreshing Root WebApplicationContext: startup date [Tue Mar 21 23:19:21 CST 2017]; root of context hierarchy 
2017-03-21 23:19:21 [org.springframework.beans.factory.xml.XmlBeanDefinitionReader]-[INFO] [localhost-startStop-1] (XmlBeanDefinitionReader.java:317) ->Loading XML bean definitions from file [E:\code\intellijidea\javaweb\lazy\lazy-web\target\classes\conf\applicationContext-dao.xml] 
2017-03-21 23:19:21 [org.springframework.beans.factory.xml.XmlBeanDefinitionReader]-[INFO] [localhost-startStop-1] (XmlBeanDefinitionReader.java:317) ->Loading XML bean definitions from file [E:\code\intellijidea\javaweb\lazy\lazy-web\target\classes\conf\test.xml] 
2017-03-21 23:19:21 [org.springframework.beans.factory.xml.XmlBeanDefinitionReader]-[INFO] [localhost-startStop-1] (XmlBeanDefinitionReader.java:317) ->Loading XML bean definitions from file [E:\code\intellijidea\javaweb\lazy\lazy-web\target\classes\conf\applicationContext-service.xml] 
2017-03-21 23:19:21 [org.springframework.beans.factory.xml.XmlBeanDefinitionReader]-[INFO] [localhost-startStop-1] (XmlBeanDefinitionReader.java:317) ->Loading XML bean definitions from file [E:\code\intellijidea\javaweb\lazy\lazy-web\target\classes\conf\applicationContext-trans.xml] 
2017-03-21 23:19:21 [org.springframework.context.support.PropertySourcesPlaceholderConfigurer]-[INFO] [localhost-startStop-1] (PropertiesLoaderSupport.java:172) ->Loading properties file from class path resource [prop/db.properties] 
2017-03-21 23:19:21 [org.springframework.beans.factory.annotation.AutowiredAnnotationBeanPostProcessor]-[INFO] [localhost-startStop-1] (AutowiredAnnotationBeanPostProcessor.java:155) ->JSR-330 'javax.inject.Inject' annotation found and supported for autowiring 
2017-03-21 23:19:22 [com.alibaba.druid.pool.DruidDataSource]-[INFO] [localhost-startStop-1] (DruidDataSource.java:715) ->{dataSource-1} inited 
2017-03-21 23:19:23 [org.springframework.web.context.ContextLoader]-[INFO] [localhost-startStop-1] (ContextLoader.java:345) ->Root WebApplicationContext: initialization completed in 2111 ms 
2017-03-21 23:19:23 [org.springframework.web.servlet.DispatcherServlet]-[INFO] [localhost-startStop-1] (FrameworkServlet.java:489) ->FrameworkServlet 'lazy-web': initialization started 
2017-03-21 23:19:23 [org.springframework.web.context.support.XmlWebApplicationContext]-[INFO] [localhost-startStop-1] (AbstractApplicationContext.java:582) ->Refreshing WebApplicationContext for namespace 'lazy-web-servlet': startup date [Tue Mar 21 23:19:23 CST 2017]; parent: Root WebApplicationContext 
2017-03-21 23:19:23 [org.springframework.beans.factory.xml.XmlBeanDefinitionReader]-[INFO] [localhost-startStop-1] (XmlBeanDefinitionReader.java:317) ->Loading XML bean definitions from class path resource [conf/spring-mvc.xml] 
2017-03-21 23:19:23 [org.springframework.beans.factory.annotation.AutowiredAnnotationBeanPostProcessor]-[INFO] [localhost-startStop-1] (AutowiredAnnotationBeanPostProcessor.java:155) ->JSR-330 'javax.inject.Inject' annotation found and supported for autowiring 
2017-03-21 23:19:23 [org.springframework.web.servlet.mvc.method.annotation.RequestMappingHandlerMapping]-[INFO] [localhost-startStop-1] (AbstractHandlerMethodMapping.java:543) ->Mapped "{[/company/getCompany/{companyId}]}" onto public com.lazy.commons.jsoncontent.ResponseContent com.lazy.web.controller.CompanyController.getCompany(java.lang.Long) 
2017-03-21 23:19:23 [org.springframework.web.servlet.mvc.method.annotation.RequestMappingHandlerMapping]-[INFO] [localhost-startStop-1] (AbstractHandlerMethodMapping.java:543) ->Mapped "{[/company/getCompanys/{groupId}]}" onto public com.lazy.commons.jsoncontent.ResponseContent com.lazy.web.controller.CompanyController.getCompanys(java.lang.Long) 
2017-03-21 23:19:23 [org.springframework.web.servlet.mvc.method.annotation.RequestMappingHandlerMapping]-[INFO] [localhost-startStop-1] (AbstractHandlerMethodMapping.java:543) ->Mapped "{[/group/getGroup/{groupId}]}" onto public com.lazy.commons.jsoncontent.ResponseContent com.lazy.web.controller.GroupController.getGroup(long) 
2017-03-21 23:19:23 [org.springframework.web.servlet.mvc.method.annotation.RequestMappingHandlerMapping]-[INFO] [localhost-startStop-1] (AbstractHandlerMethodMapping.java:543) ->Mapped "{[/group/getGroups]}" onto public com.lazy.commons.jsoncontent.ResponseContent com.lazy.web.controller.GroupController.getGroups() 
2017-03-21 23:19:23 [org.springframework.web.servlet.mvc.method.annotation.RequestMappingHandlerMapping]-[INFO] [localhost-startStop-1] (AbstractHandlerMethodMapping.java:543) ->Mapped "{[/match/matchEdit/{id}]}" onto public java.lang.String com.lazy.web.controller.MatchController.matchEdit(java.lang.Long) 
2017-03-21 23:19:23 [org.springframework.web.servlet.mvc.method.annotation.RequestMappingHandlerMapping]-[INFO] [localhost-startStop-1] (AbstractHandlerMethodMapping.java:543) ->Mapped "{[/match/findMatchByCreateUserId/{id}]}" onto public com.lazy.commons.jsoncontent.ResponseContent com.lazy.web.controller.MatchController.findMatch(java.lang.Long) 
2017-03-21 23:19:23 [org.springframework.web.servlet.mvc.method.annotation.RequestMappingHandlerMapping]-[INFO] [localhost-startStop-1] (AbstractHandlerMethodMapping.java:543) ->Mapped "{[/match/matchView/{id}]}" onto public java.lang.String com.lazy.web.controller.MatchController.matchView(java.lang.Long) 
2017-03-21 23:19:23 [org.springframework.web.servlet.mvc.method.annotation.RequestMappingHandlerMapping]-[INFO] [localhost-startStop-1] (AbstractHandlerMethodMapping.java:543) ->Mapped "{[/match/matchDelete/{id}]}" onto public java.lang.String com.lazy.web.controller.MatchController.matchDelete(java.lang.Long) 
2017-03-21 23:19:23 [org.springframework.web.servlet.mvc.method.annotation.RequestMappingHandlerMapping]-[INFO] [localhost-startStop-1] (AbstractHandlerMethodMapping.java:543) ->Mapped "{[/match/updateMatch]}" onto public java.lang.String com.lazy.web.controller.MatchController.updateMatch(com.lazy.web.pojo.Match) 
2017-03-21 23:19:23 [org.springframework.web.servlet.mvc.method.annotation.RequestMappingHandlerMapping]-[INFO] [localhost-startStop-1] (AbstractHandlerMethodMapping.java:543) ->Mapped "{[/match/addMatch]}" onto public java.lang.String com.lazy.web.controller.MatchController.addMatch(com.lazy.web.pojo.Match) 
2017-03-21 23:19:23 [org.springframework.web.servlet.mvc.method.annotation.RequestMappingHandlerMapping]-[INFO] [localhost-startStop-1] (AbstractHandlerMethodMapping.java:543) ->Mapped "{[/member/findMemberByMatchId/{id}]}" onto public com.lazy.commons.jsoncontent.ResponseContent com.lazy.web.controller.MatchMemberController.findMatch(java.lang.Long) 
2017-03-21 23:19:23 [org.springframework.web.servlet.mvc.method.annotation.RequestMappingHandlerMapping]-[INFO] [localhost-startStop-1] (AbstractHandlerMethodMapping.java:543) ->Mapped "{[/{model}/page/{page}]}" onto public java.lang.String com.lazy.web.controller.PageController.showPageOneModel(java.lang.String,java.lang.String) 
2017-03-21 23:19:23 [org.springframework.web.servlet.mvc.method.annotation.RequestMappingHandlerMapping]-[INFO] [localhost-startStop-1] (AbstractHandlerMethodMapping.java:543) ->Mapped "{[/{model1}/{model2}/page/{page}]}" onto public java.lang.String com.lazy.web.controller.PageController.showPageOneModel(java.lang.String,java.lang.String,java.lang.String) 
2017-03-21 23:19:23 [org.springframework.web.servlet.mvc.method.annotation.RequestMappingHandlerMapping]-[INFO] [localhost-startStop-1] (AbstractHandlerMethodMapping.java:543) ->Mapped "{[/user/index]}" onto public java.lang.String com.lazy.web.controller.UserController.index() 
2017-03-21 23:19:23 [org.springframework.web.servlet.mvc.method.annotation.RequestMappingHandlerMapping]-[INFO] [localhost-startStop-1] (AbstractHandlerMethodMapping.java:543) ->Mapped "{[/user/update]}" onto public java.lang.String com.lazy.web.controller.UserController.update(com.lazy.web.pojo.User) 
2017-03-21 23:19:23 [org.springframework.web.servlet.mvc.method.annotation.RequestMappingHandlerMapping]-[INFO] [localhost-startStop-1] (AbstractHandlerMethodMapping.java:543) ->Mapped "{[/user/findUserByLoginId/{loginId}]}" onto public com.lazy.commons.jsoncontent.ResponseContent com.lazy.web.controller.UserController.findUserByLoginId(java.lang.String) 
2017-03-21 23:19:23 [org.springframework.web.servlet.mvc.method.annotation.RequestMappingHandlerMapping]-[INFO] [localhost-startStop-1] (AbstractHandlerMethodMapping.java:543) ->Mapped "{[/user/logout]}" onto public com.lazy.commons.jsoncontent.ResponseContent com.lazy.web.controller.UserController.userLogout(javax.servlet.http.HttpServletRequest) 
2017-03-21 23:19:23 [org.springframework.web.servlet.mvc.method.annotation.RequestMappingHandlerMapping]-[INFO] [localhost-startStop-1] (AbstractHandlerMethodMapping.java:543) ->Mapped "{[/user/regist]}" onto public com.lazy.commons.jsoncontent.ResponseContent com.lazy.web.controller.UserController.userRegist(com.lazy.web.pojo.User) throws java.io.UnsupportedEncodingException 
2017-03-21 23:19:23 [org.springframework.web.servlet.mvc.method.annotation.RequestMappingHandlerMapping]-[INFO] [localhost-startStop-1] (AbstractHandlerMethodMapping.java:543) ->Mapped "{[/user/login]}" onto public com.lazy.commons.jsoncontent.ResponseContent com.lazy.web.controller.UserController.userLogin(com.lazy.web.pojo.User,javax.servlet.http.HttpServletRequest) 
2017-03-21 23:19:23 [org.springframework.web.servlet.mvc.method.annotation.RequestMappingHandlerMapping]-[INFO] [localhost-startStop-1] (AbstractHandlerMethodMapping.java:543) ->Mapped "{[/user/modifyPwd]}" onto public com.lazy.commons.jsoncontent.ResponseContent com.lazy.web.controller.UserController.modifyPwd(java.lang.Long,java.lang.String,java.lang.String) 
2017-03-21 23:19:24 [org.springframework.web.servlet.mvc.method.annotation.RequestMappingHandlerAdapter]-[INFO] [localhost-startStop-1] (RequestMappingHandlerAdapter.java:534) ->Looking for @ControllerAdvice: WebApplicationContext for namespace 'lazy-web-servlet': startup date [Tue Mar 21 23:19:23 CST 2017]; parent: Root WebApplicationContext 
2017-03-21 23:19:24 [org.springframework.web.servlet.mvc.method.annotation.RequestMappingHandlerAdapter]-[INFO] [localhost-startStop-1] (RequestMappingHandlerAdapter.java:534) ->Looking for @ControllerAdvice: WebApplicationContext for namespace 'lazy-web-servlet': startup date [Tue Mar 21 23:19:23 CST 2017]; parent: Root WebApplicationContext 
2017-03-21 23:19:24 [org.springframework.web.servlet.mvc.method.annotation.RequestMappingHandlerAdapter]-[INFO] [localhost-startStop-1] (RequestMappingHandlerAdapter.java:534) ->Looking for @ControllerAdvice: WebApplicationContext for namespace 'lazy-web-servlet': startup date [Tue Mar 21 23:19:23 CST 2017]; parent: Root WebApplicationContext 
2017-03-21 23:19:24 [org.springframework.web.servlet.handler.SimpleUrlHandlerMapping]-[INFO] [localhost-startStop-1] (AbstractUrlHandlerMapping.java:354) ->Mapped URL path [/static/**] onto handler 'org.springframework.web.servlet.resource.ResourceHttpRequestHandler#0' 
2017-03-21 23:19:24 [org.springframework.web.servlet.DispatcherServlet]-[INFO] [localhost-startStop-1] (FrameworkServlet.java:508) ->FrameworkServlet 'lazy-web': initialization completed in 1260 ms 
2017-03-21 23:24:42 [com.lazy.web.interceptor.UserInterceptor]-[ERROR] [http-bio-8080-exec-10] (UserInterceptor.java:46) ->＝＝＝＝＝＝＝＝＝＝＝＝＝＝＝＝＝＝＝＝＝＝＝＝＝＝＝＝＝＝＝＝＝＝＝＝ 
2017-03-21 23:24:42 [com.lazy.web.interceptor.UserInterceptor]-[ERROR] [http-bio-8080-exec-10] (UserInterceptor.java:48) ->访问地址:/web/user/page/login 
2017-03-21 23:24:42 [com.lazy.web.interceptor.UserInterceptor]-[ERROR] [http-bio-8080-exec-10] (UserInterceptor.java:64) ->在可访问列表内,用户IP地址>>>>0:0:0:0:0:0:0:1,用户主机>>>>0:0:0:0:0:0:0:1 
2017-03-21 23:24:42 [com.lazy.web.interceptor.UserInterceptor]-[ERROR] [http-bio-8080-exec-10] (UserInterceptor.java:66) ->放行 
2017-03-21 23:24:42 [com.lazy.web.interceptor.UserInterceptor]-[ERROR] [http-bio-8080-exec-10] (UserInterceptor.java:68) ->＝＝＝＝＝＝＝＝＝＝＝＝＝＝＝＝＝＝＝＝＝＝＝＝＝＝＝＝＝＝＝＝＝＝＝＝ 
2017-03-21 23:24:45 [com.lazy.web.interceptor.UserInterceptor]-[ERROR] [http-bio-8080-exec-10] (UserInterceptor.java:46) ->＝＝＝＝＝＝＝＝＝＝＝＝＝＝＝＝＝＝＝＝＝＝＝＝＝＝＝＝＝＝＝＝＝＝＝＝ 
2017-03-21 23:24:45 [com.lazy.web.interceptor.UserInterceptor]-[ERROR] [http-bio-8080-exec-10] (UserInterceptor.java:48) ->访问地址:/web/user/findUserByLoginId/test11 
2017-03-21 23:24:45 [com.lazy.web.interceptor.UserInterceptor]-[ERROR] [http-bio-8080-exec-10] (UserInterceptor.java:64) ->在可访问列表内,用户IP地址>>>>0:0:0:0:0:0:0:1,用户主机>>>>0:0:0:0:0:0:0:1 
2017-03-21 23:24:45 [com.lazy.web.interceptor.UserInterceptor]-[ERROR] [http-bio-8080-exec-10] (UserInterceptor.java:66) ->放行 
2017-03-21 23:24:45 [com.lazy.web.interceptor.UserInterceptor]-[ERROR] [http-bio-8080-exec-10] (UserInterceptor.java:68) ->＝＝＝＝＝＝＝＝＝＝＝＝＝＝＝＝＝＝＝＝＝＝＝＝＝＝＝＝＝＝＝＝＝＝＝＝ 
2017-03-21 23:24:46 [com.lazy.web.interceptor.UserInterceptor]-[ERROR] [http-bio-8080-exec-10] (UserInterceptor.java:46) ->＝＝＝＝＝＝＝＝＝＝＝＝＝＝＝＝＝＝＝＝＝＝＝＝＝＝＝＝＝＝＝＝＝＝＝＝ 
2017-03-21 23:24:46 [com.lazy.web.interceptor.UserInterceptor]-[ERROR] [http-bio-8080-exec-10] (UserInterceptor.java:48) ->访问地址:/web/user/findUserByLoginId/test11 
2017-03-21 23:24:46 [com.lazy.web.interceptor.UserInterceptor]-[ERROR] [http-bio-8080-exec-10] (UserInterceptor.java:64) ->在可访问列表内,用户IP地址>>>>0:0:0:0:0:0:0:1,用户主机>>>>0:0:0:0:0:0:0:1 
2017-03-21 23:24:46 [com.lazy.web.interceptor.UserInterceptor]-[ERROR] [http-bio-8080-exec-10] (UserInterceptor.java:66) ->放行 
2017-03-21 23:24:46 [com.lazy.web.interceptor.UserInterceptor]-[ERROR] [http-bio-8080-exec-10] (UserInterceptor.java:68) ->＝＝＝＝＝＝＝＝＝＝＝＝＝＝＝＝＝＝＝＝＝＝＝＝＝＝＝＝＝＝＝＝＝＝＝＝ 
2017-03-21 23:24:46 [com.lazy.web.interceptor.UserInterceptor]-[ERROR] [http-bio-8080-exec-2] (UserInterceptor.java:46) ->＝＝＝＝＝＝＝＝＝＝＝＝＝＝＝＝＝＝＝＝＝＝＝＝＝＝＝＝＝＝＝＝＝＝＝＝ 
2017-03-21 23:24:46 [com.lazy.web.interceptor.UserInterceptor]-[ERROR] [http-bio-8080-exec-2] (UserInterceptor.java:48) ->访问地址:/web/user/login 
2017-03-21 23:24:46 [com.lazy.web.interceptor.UserInterceptor]-[ERROR] [http-bio-8080-exec-2] (UserInterceptor.java:64) ->在可访问列表内,用户IP地址>>>>0:0:0:0:0:0:0:1,用户主机>>>>0:0:0:0:0:0:0:1 
2017-03-21 23:24:46 [com.lazy.web.interceptor.UserInterceptor]-[ERROR] [http-bio-8080-exec-2] (UserInterceptor.java:66) ->放行 
2017-03-21 23:24:46 [com.lazy.web.interceptor.UserInterceptor]-[ERROR] [http-bio-8080-exec-2] (UserInterceptor.java:68) ->＝＝＝＝＝＝＝＝＝＝＝＝＝＝＝＝＝＝＝＝＝＝＝＝＝＝＝＝＝＝＝＝＝＝＝＝ 
