2017-05-30 15:29:55 [org.springframework.web.context.ContextLoader]-[INFO] [localhost-startStop-1] (ContextLoader.java:305) ->Root WebApplicationContext: initialization started 
2017-05-30 15:29:55 [org.springframework.web.context.support.XmlWebApplicationContext]-[INFO] [localhost-startStop-1] (AbstractApplicationContext.java:582) ->Refreshing Root WebApplicationContext: startup date [Tue May 30 15:29:55 CST 2017]; root of context hierarchy 
2017-05-30 15:29:55 [org.springframework.beans.factory.xml.XmlBeanDefinitionReader]-[INFO] [localhost-startStop-1] (XmlBeanDefinitionReader.java:317) ->Loading XML bean definitions from file [E:\code\intellijidea\javaweb\lazy-taotao\lazy-manager\target\classes\conf\applicationContext-dao.xml] 
2017-05-30 15:29:56 [org.springframework.beans.factory.xml.XmlBeanDefinitionReader]-[INFO] [localhost-startStop-1] (XmlBeanDefinitionReader.java:317) ->Loading XML bean definitions from file [E:\code\intellijidea\javaweb\lazy-taotao\lazy-manager\target\classes\conf\applicationContext-service.xml] 
2017-05-30 15:29:56 [org.springframework.beans.factory.xml.XmlBeanDefinitionReader]-[INFO] [localhost-startStop-1] (XmlBeanDefinitionReader.java:317) ->Loading XML bean definitions from file [E:\code\intellijidea\javaweb\lazy-taotao\lazy-manager\target\classes\conf\applicationContext-trans.xml] 
2017-05-30 15:29:56 [org.springframework.context.support.PropertySourcesPlaceholderConfigurer]-[INFO] [localhost-startStop-1] (PropertiesLoaderSupport.java:172) ->Loading properties file from class path resource [prop/db.properties] 
2017-05-30 15:29:56 [org.springframework.beans.factory.annotation.AutowiredAnnotationBeanPostProcessor]-[INFO] [localhost-startStop-1] (AutowiredAnnotationBeanPostProcessor.java:155) ->JSR-330 'javax.inject.Inject' annotation found and supported for autowiring 
2017-05-30 15:29:57 [com.alibaba.druid.pool.DruidDataSource]-[INFO] [localhost-startStop-1] (DruidDataSource.java:715) ->{dataSource-1} inited 
2017-05-30 15:29:58 [org.springframework.web.context.ContextLoader]-[INFO] [localhost-startStop-1] (ContextLoader.java:345) ->Root WebApplicationContext: initialization completed in 2384 ms 
2017-05-30 15:29:58 [org.springframework.web.servlet.DispatcherServlet]-[INFO] [localhost-startStop-1] (FrameworkServlet.java:489) ->FrameworkServlet 'lazy-manager': initialization started 
2017-05-30 15:29:58 [org.springframework.web.context.support.XmlWebApplicationContext]-[INFO] [localhost-startStop-1] (AbstractApplicationContext.java:582) ->Refreshing WebApplicationContext for namespace 'lazy-manager-servlet': startup date [Tue May 30 15:29:58 CST 2017]; parent: Root WebApplicationContext 
2017-05-30 15:29:58 [org.springframework.beans.factory.xml.XmlBeanDefinitionReader]-[INFO] [localhost-startStop-1] (XmlBeanDefinitionReader.java:317) ->Loading XML bean definitions from class path resource [conf/spring-mvc.xml] 
2017-05-30 15:29:58 [org.springframework.beans.factory.annotation.AutowiredAnnotationBeanPostProcessor]-[INFO] [localhost-startStop-1] (AutowiredAnnotationBeanPostProcessor.java:155) ->JSR-330 'javax.inject.Inject' annotation found and supported for autowiring 
2017-05-30 15:29:58 [org.springframework.web.servlet.mvc.method.annotation.RequestMappingHandlerMapping]-[INFO] [localhost-startStop-1] (AbstractHandlerMethodMapping.java:543) ->Mapped "{[/item/getItemById/{id}]}" onto public com.lazy.manager.pojo.Item com.lazy.manager.controller.ItemController.getItemById(java.lang.Long) 
2017-05-30 15:29:58 [org.springframework.web.servlet.mvc.method.annotation.RequestMappingHandlerMapping]-[INFO] [localhost-startStop-1] (AbstractHandlerMethodMapping.java:543) ->Mapped "{[/404]}" onto public java.lang.String com.lazy.manager.controller.ViewController.show404() 
2017-05-30 15:29:58 [org.springframework.web.servlet.mvc.method.annotation.RequestMappingHandlerMapping]-[INFO] [localhost-startStop-1] (AbstractHandlerMethodMapping.java:543) ->Mapped "{[/view/{view}]}" onto public java.lang.String com.lazy.manager.controller.ViewController.showView(java.lang.String) 
2017-05-30 15:29:58 [org.springframework.web.servlet.mvc.method.annotation.RequestMappingHandlerMapping]-[INFO] [localhost-startStop-1] (AbstractHandlerMethodMapping.java:543) ->Mapped "{[/]}" onto public java.lang.String com.lazy.manager.controller.ViewController.showHome() 
2017-05-30 15:29:58 [org.springframework.web.servlet.mvc.method.annotation.RequestMappingHandlerMapping]-[INFO] [localhost-startStop-1] (AbstractHandlerMethodMapping.java:543) ->Mapped "{[/view/{module}/{view}]}" onto public java.lang.String com.lazy.manager.controller.ViewController.showModuleView(java.lang.String,java.lang.String) 
2017-05-30 15:29:58 [org.springframework.web.servlet.mvc.method.annotation.RequestMappingHandlerMapping]-[INFO] [localhost-startStop-1] (AbstractHandlerMethodMapping.java:543) ->Mapped "{[/view/{module1}/{module2}/{view}]}" onto public java.lang.String com.lazy.manager.controller.ViewController.showModule2View(java.lang.String,java.lang.String,java.lang.String) 
2017-05-30 15:29:59 [org.springframework.web.servlet.mvc.method.annotation.RequestMappingHandlerAdapter]-[INFO] [localhost-startStop-1] (RequestMappingHandlerAdapter.java:534) ->Looking for @ControllerAdvice: WebApplicationContext for namespace 'lazy-manager-servlet': startup date [Tue May 30 15:29:58 CST 2017]; parent: Root WebApplicationContext 
2017-05-30 15:29:59 [org.springframework.web.servlet.mvc.method.annotation.RequestMappingHandlerAdapter]-[INFO] [localhost-startStop-1] (RequestMappingHandlerAdapter.java:534) ->Looking for @ControllerAdvice: WebApplicationContext for namespace 'lazy-manager-servlet': startup date [Tue May 30 15:29:58 CST 2017]; parent: Root WebApplicationContext 
2017-05-30 15:29:59 [org.springframework.web.servlet.handler.SimpleUrlHandlerMapping]-[INFO] [localhost-startStop-1] (AbstractUrlHandlerMapping.java:354) ->Mapped URL path [/static/**] onto handler 'org.springframework.web.servlet.resource.ResourceHttpRequestHandler#0' 
2017-05-30 15:29:59 [org.springframework.web.servlet.DispatcherServlet]-[INFO] [localhost-startStop-1] (FrameworkServlet.java:508) ->FrameworkServlet 'lazy-manager': initialization completed in 1763 ms 
2017-05-30 15:30:27 [org.springframework.web.servlet.PageNotFound]-[WARN] [http-bio-80-exec-6] (DispatcherServlet.java:1161) ->No mapping found for HTTP request with URI [/favicon.ico] in DispatcherServlet with name 'lazy-manager' 
2017-05-30 15:30:39 [org.springframework.web.servlet.PageNotFound]-[WARN] [http-bio-80-exec-10] (DispatcherServlet.java:1161) ->No mapping found for HTTP request with URI [/menu/getMenus] in DispatcherServlet with name 'lazy-manager' 
2017-05-30 15:31:18 [org.springframework.web.servlet.PageNotFound]-[WARN] [http-bio-80-exec-7] (DispatcherServlet.java:1161) ->No mapping found for HTTP request with URI [/menu/getMenus] in DispatcherServlet with name 'lazy-manager' 
2017-05-30 15:40:45 [org.springframework.web.context.ContextLoader]-[INFO] [localhost-startStop-1] (ContextLoader.java:305) ->Root WebApplicationContext: initialization started 
2017-05-30 15:40:45 [org.springframework.web.context.support.XmlWebApplicationContext]-[INFO] [localhost-startStop-1] (AbstractApplicationContext.java:582) ->Refreshing Root WebApplicationContext: startup date [Tue May 30 15:40:45 CST 2017]; root of context hierarchy 
2017-05-30 15:40:45 [org.springframework.beans.factory.xml.XmlBeanDefinitionReader]-[INFO] [localhost-startStop-1] (XmlBeanDefinitionReader.java:317) ->Loading XML bean definitions from file [E:\code\intellijidea\javaweb\lazy-taotao\lazy-manager\target\classes\conf\applicationContext-dao.xml] 
2017-05-30 15:40:46 [org.springframework.beans.factory.xml.XmlBeanDefinitionReader]-[INFO] [localhost-startStop-1] (XmlBeanDefinitionReader.java:317) ->Loading XML bean definitions from file [E:\code\intellijidea\javaweb\lazy-taotao\lazy-manager\target\classes\conf\applicationContext-service.xml] 
2017-05-30 15:40:46 [org.springframework.beans.factory.xml.XmlBeanDefinitionReader]-[INFO] [localhost-startStop-1] (XmlBeanDefinitionReader.java:317) ->Loading XML bean definitions from file [E:\code\intellijidea\javaweb\lazy-taotao\lazy-manager\target\classes\conf\applicationContext-trans.xml] 
2017-05-30 15:40:46 [org.springframework.context.support.PropertySourcesPlaceholderConfigurer]-[INFO] [localhost-startStop-1] (PropertiesLoaderSupport.java:172) ->Loading properties file from class path resource [prop/db.properties] 
2017-05-30 15:40:46 [org.springframework.beans.factory.annotation.AutowiredAnnotationBeanPostProcessor]-[INFO] [localhost-startStop-1] (AutowiredAnnotationBeanPostProcessor.java:155) ->JSR-330 'javax.inject.Inject' annotation found and supported for autowiring 
2017-05-30 15:40:47 [com.alibaba.druid.pool.DruidDataSource]-[INFO] [localhost-startStop-1] (DruidDataSource.java:715) ->{dataSource-1} inited 
2017-05-30 15:40:48 [org.springframework.web.context.ContextLoader]-[INFO] [localhost-startStop-1] (ContextLoader.java:345) ->Root WebApplicationContext: initialization completed in 2422 ms 
2017-05-30 15:40:48 [org.springframework.web.servlet.DispatcherServlet]-[INFO] [localhost-startStop-1] (FrameworkServlet.java:489) ->FrameworkServlet 'lazy-manager': initialization started 
2017-05-30 15:40:48 [org.springframework.web.context.support.XmlWebApplicationContext]-[INFO] [localhost-startStop-1] (AbstractApplicationContext.java:582) ->Refreshing WebApplicationContext for namespace 'lazy-manager-servlet': startup date [Tue May 30 15:40:48 CST 2017]; parent: Root WebApplicationContext 
2017-05-30 15:40:48 [org.springframework.beans.factory.xml.XmlBeanDefinitionReader]-[INFO] [localhost-startStop-1] (XmlBeanDefinitionReader.java:317) ->Loading XML bean definitions from class path resource [conf/spring-mvc.xml] 
2017-05-30 15:40:48 [org.springframework.beans.factory.annotation.AutowiredAnnotationBeanPostProcessor]-[INFO] [localhost-startStop-1] (AutowiredAnnotationBeanPostProcessor.java:155) ->JSR-330 'javax.inject.Inject' annotation found and supported for autowiring 
2017-05-30 15:40:48 [org.springframework.web.servlet.mvc.method.annotation.RequestMappingHandlerMapping]-[INFO] [localhost-startStop-1] (AbstractHandlerMethodMapping.java:543) ->Mapped "{[/item/getItemById/{id}]}" onto public com.lazy.manager.pojo.Item com.lazy.manager.controller.ItemController.getItemById(java.lang.Long) 
2017-05-30 15:40:48 [org.springframework.web.servlet.mvc.method.annotation.RequestMappingHandlerMapping]-[INFO] [localhost-startStop-1] (AbstractHandlerMethodMapping.java:543) ->Mapped "{[/404]}" onto public java.lang.String com.lazy.manager.controller.ViewController.show404() 
2017-05-30 15:40:48 [org.springframework.web.servlet.mvc.method.annotation.RequestMappingHandlerMapping]-[INFO] [localhost-startStop-1] (AbstractHandlerMethodMapping.java:543) ->Mapped "{[/view/{view}]}" onto public java.lang.String com.lazy.manager.controller.ViewController.showView(java.lang.String) 
2017-05-30 15:40:48 [org.springframework.web.servlet.mvc.method.annotation.RequestMappingHandlerMapping]-[INFO] [localhost-startStop-1] (AbstractHandlerMethodMapping.java:543) ->Mapped "{[/]}" onto public java.lang.String com.lazy.manager.controller.ViewController.showHome() 
2017-05-30 15:40:48 [org.springframework.web.servlet.mvc.method.annotation.RequestMappingHandlerMapping]-[INFO] [localhost-startStop-1] (AbstractHandlerMethodMapping.java:543) ->Mapped "{[/view/{module}/{view}]}" onto public java.lang.String com.lazy.manager.controller.ViewController.showModuleView(java.lang.String,java.lang.String) 
2017-05-30 15:40:48 [org.springframework.web.servlet.mvc.method.annotation.RequestMappingHandlerMapping]-[INFO] [localhost-startStop-1] (AbstractHandlerMethodMapping.java:543) ->Mapped "{[/view/{module1}/{module2}/{view}]}" onto public java.lang.String com.lazy.manager.controller.ViewController.showModule2View(java.lang.String,java.lang.String,java.lang.String) 
2017-05-30 15:40:49 [org.springframework.web.servlet.mvc.method.annotation.RequestMappingHandlerAdapter]-[INFO] [localhost-startStop-1] (RequestMappingHandlerAdapter.java:534) ->Looking for @ControllerAdvice: WebApplicationContext for namespace 'lazy-manager-servlet': startup date [Tue May 30 15:40:48 CST 2017]; parent: Root WebApplicationContext 
2017-05-30 15:40:49 [org.springframework.web.servlet.mvc.method.annotation.RequestMappingHandlerAdapter]-[INFO] [localhost-startStop-1] (RequestMappingHandlerAdapter.java:534) ->Looking for @ControllerAdvice: WebApplicationContext for namespace 'lazy-manager-servlet': startup date [Tue May 30 15:40:48 CST 2017]; parent: Root WebApplicationContext 
2017-05-30 15:40:49 [org.springframework.web.servlet.handler.SimpleUrlHandlerMapping]-[INFO] [localhost-startStop-1] (AbstractUrlHandlerMapping.java:354) ->Mapped URL path [/static/**] onto handler 'org.springframework.web.servlet.resource.ResourceHttpRequestHandler#0' 
2017-05-30 15:40:49 [org.springframework.web.servlet.DispatcherServlet]-[INFO] [localhost-startStop-1] (FrameworkServlet.java:508) ->FrameworkServlet 'lazy-manager': initialization completed in 1290 ms 
2017-05-30 15:41:10 [org.springframework.web.servlet.PageNotFound]-[WARN] [http-bio-80-exec-8] (DispatcherServlet.java:1161) ->No mapping found for HTTP request with URI [/aa] in DispatcherServlet with name 'lazy-manager' 
2017-05-30 15:41:24 [org.springframework.web.servlet.PageNotFound]-[WARN] [http-bio-80-exec-9] (DispatcherServlet.java:1161) ->No mapping found for HTTP request with URI [/home/default] in DispatcherServlet with name 'lazy-manager' 
2017-05-30 15:41:45 [org.springframework.web.servlet.PageNotFound]-[WARN] [http-bio-80-exec-9] (DispatcherServlet.java:1161) ->No mapping found for HTTP request with URI [/home/default] in DispatcherServlet with name 'lazy-manager' 
2017-05-30 15:41:46 [org.springframework.web.servlet.PageNotFound]-[WARN] [http-bio-80-exec-9] (DispatcherServlet.java:1161) ->No mapping found for HTTP request with URI [/home/default] in DispatcherServlet with name 'lazy-manager' 
2017-05-30 15:41:50 [org.springframework.web.servlet.PageNotFound]-[WARN] [http-bio-80-exec-9] (DispatcherServlet.java:1161) ->No mapping found for HTTP request with URI [/aaa] in DispatcherServlet with name 'lazy-manager' 
2017-05-30 16:21:16 [org.springframework.web.context.ContextLoader]-[INFO] [localhost-startStop-1] (ContextLoader.java:305) ->Root WebApplicationContext: initialization started 
2017-05-30 16:21:16 [org.springframework.web.context.support.XmlWebApplicationContext]-[INFO] [localhost-startStop-1] (AbstractApplicationContext.java:582) ->Refreshing Root WebApplicationContext: startup date [Tue May 30 16:21:16 CST 2017]; root of context hierarchy 
2017-05-30 16:21:16 [org.springframework.beans.factory.xml.XmlBeanDefinitionReader]-[INFO] [localhost-startStop-1] (XmlBeanDefinitionReader.java:317) ->Loading XML bean definitions from file [E:\code\intellijidea\javaweb\lazy-taotao\lazy-manager\target\classes\conf\applicationContext-dao.xml] 
2017-05-30 16:21:16 [org.springframework.beans.factory.xml.XmlBeanDefinitionReader]-[INFO] [localhost-startStop-1] (XmlBeanDefinitionReader.java:317) ->Loading XML bean definitions from file [E:\code\intellijidea\javaweb\lazy-taotao\lazy-manager\target\classes\conf\applicationContext-service.xml] 
2017-05-30 16:21:16 [org.springframework.beans.factory.xml.XmlBeanDefinitionReader]-[INFO] [localhost-startStop-1] (XmlBeanDefinitionReader.java:317) ->Loading XML bean definitions from file [E:\code\intellijidea\javaweb\lazy-taotao\lazy-manager\target\classes\conf\applicationContext-trans.xml] 
2017-05-30 16:21:17 [org.springframework.context.support.PropertySourcesPlaceholderConfigurer]-[INFO] [localhost-startStop-1] (PropertiesLoaderSupport.java:172) ->Loading properties file from class path resource [prop/db.properties] 
2017-05-30 16:21:17 [org.springframework.beans.factory.annotation.AutowiredAnnotationBeanPostProcessor]-[INFO] [localhost-startStop-1] (AutowiredAnnotationBeanPostProcessor.java:155) ->JSR-330 'javax.inject.Inject' annotation found and supported for autowiring 
2017-05-30 16:21:17 [com.alibaba.druid.pool.DruidDataSource]-[INFO] [localhost-startStop-1] (DruidDataSource.java:715) ->{dataSource-1} inited 
2017-05-30 16:21:18 [org.springframework.web.context.ContextLoader]-[INFO] [localhost-startStop-1] (ContextLoader.java:345) ->Root WebApplicationContext: initialization completed in 2123 ms 
2017-05-30 16:21:18 [org.springframework.web.servlet.DispatcherServlet]-[INFO] [localhost-startStop-1] (FrameworkServlet.java:489) ->FrameworkServlet 'lazy-manager': initialization started 
2017-05-30 16:21:18 [org.springframework.web.context.support.XmlWebApplicationContext]-[INFO] [localhost-startStop-1] (AbstractApplicationContext.java:582) ->Refreshing WebApplicationContext for namespace 'lazy-manager-servlet': startup date [Tue May 30 16:21:18 CST 2017]; parent: Root WebApplicationContext 
2017-05-30 16:21:18 [org.springframework.beans.factory.xml.XmlBeanDefinitionReader]-[INFO] [localhost-startStop-1] (XmlBeanDefinitionReader.java:317) ->Loading XML bean definitions from class path resource [conf/spring-mvc.xml] 
2017-05-30 16:21:18 [org.springframework.beans.factory.annotation.AutowiredAnnotationBeanPostProcessor]-[INFO] [localhost-startStop-1] (AutowiredAnnotationBeanPostProcessor.java:155) ->JSR-330 'javax.inject.Inject' annotation found and supported for autowiring 
2017-05-30 16:21:18 [org.springframework.web.servlet.mvc.method.annotation.RequestMappingHandlerMapping]-[INFO] [localhost-startStop-1] (AbstractHandlerMethodMapping.java:543) ->Mapped "{[/item/getItemById/{id}]}" onto public com.lazy.manager.pojo.Item com.lazy.manager.controller.ItemController.getItemById(java.lang.Long) 
2017-05-30 16:21:18 [org.springframework.web.servlet.mvc.method.annotation.RequestMappingHandlerMapping]-[INFO] [localhost-startStop-1] (AbstractHandlerMethodMapping.java:543) ->Mapped "{[/]}" onto public java.lang.String com.lazy.manager.controller.ViewController.showHome() 
2017-05-30 16:21:18 [org.springframework.web.servlet.mvc.method.annotation.RequestMappingHandlerMapping]-[INFO] [localhost-startStop-1] (AbstractHandlerMethodMapping.java:543) ->Mapped "{[/404]}" onto public java.lang.String com.lazy.manager.controller.ViewController.show404() 
2017-05-30 16:21:18 [org.springframework.web.servlet.mvc.method.annotation.RequestMappingHandlerMapping]-[INFO] [localhost-startStop-1] (AbstractHandlerMethodMapping.java:543) ->Mapped "{[/view/{view}]}" onto public java.lang.String com.lazy.manager.controller.ViewController.showView(java.lang.String) 
2017-05-30 16:21:18 [org.springframework.web.servlet.mvc.method.annotation.RequestMappingHandlerMapping]-[INFO] [localhost-startStop-1] (AbstractHandlerMethodMapping.java:543) ->Mapped "{[/view/{module1}/{module2}/{view}]}" onto public java.lang.String com.lazy.manager.controller.ViewController.showModule2View(java.lang.String,java.lang.String,java.lang.String) 
2017-05-30 16:21:18 [org.springframework.web.servlet.mvc.method.annotation.RequestMappingHandlerMapping]-[INFO] [localhost-startStop-1] (AbstractHandlerMethodMapping.java:543) ->Mapped "{[/view/{module}/{view}]}" onto public java.lang.String com.lazy.manager.controller.ViewController.showModuleView(java.lang.String,java.lang.String) 
2017-05-30 16:21:19 [org.springframework.web.servlet.mvc.method.annotation.RequestMappingHandlerAdapter]-[INFO] [localhost-startStop-1] (RequestMappingHandlerAdapter.java:534) ->Looking for @ControllerAdvice: WebApplicationContext for namespace 'lazy-manager-servlet': startup date [Tue May 30 16:21:18 CST 2017]; parent: Root WebApplicationContext 
2017-05-30 16:21:19 [org.springframework.web.servlet.mvc.method.annotation.RequestMappingHandlerAdapter]-[INFO] [localhost-startStop-1] (RequestMappingHandlerAdapter.java:534) ->Looking for @ControllerAdvice: WebApplicationContext for namespace 'lazy-manager-servlet': startup date [Tue May 30 16:21:18 CST 2017]; parent: Root WebApplicationContext 
2017-05-30 16:21:19 [org.springframework.web.servlet.handler.SimpleUrlHandlerMapping]-[INFO] [localhost-startStop-1] (AbstractUrlHandlerMapping.java:354) ->Mapped URL path [/static/**] onto handler 'org.springframework.web.servlet.resource.ResourceHttpRequestHandler#0' 
2017-05-30 16:21:19 [org.springframework.web.servlet.DispatcherServlet]-[INFO] [localhost-startStop-1] (FrameworkServlet.java:508) ->FrameworkServlet 'lazy-manager': initialization completed in 1132 ms 
2017-05-30 16:26:03 [org.springframework.web.servlet.PageNotFound]-[WARN] [http-bio-80-exec-10] (DispatcherServlet.java:1161) ->No mapping found for HTTP request with URI [/item-add] in DispatcherServlet with name 'lazy-manager' 
2017-05-30 16:26:05 [org.springframework.web.servlet.PageNotFound]-[WARN] [http-bio-80-exec-10] (DispatcherServlet.java:1161) ->No mapping found for HTTP request with URI [/item-list] in DispatcherServlet with name 'lazy-manager' 
2017-05-30 16:26:06 [org.springframework.web.servlet.PageNotFound]-[WARN] [http-bio-80-exec-10] (DispatcherServlet.java:1161) ->No mapping found for HTTP request with URI [/item-param-list] in DispatcherServlet with name 'lazy-manager' 
2017-05-30 16:26:07 [org.springframework.web.servlet.PageNotFound]-[WARN] [http-bio-80-exec-10] (DispatcherServlet.java:1161) ->No mapping found for HTTP request with URI [/item-add] in DispatcherServlet with name 'lazy-manager' 
2017-05-30 16:26:07 [org.springframework.web.servlet.PageNotFound]-[WARN] [http-bio-80-exec-10] (DispatcherServlet.java:1161) ->No mapping found for HTTP request with URI [/item-list] in DispatcherServlet with name 'lazy-manager' 
2017-05-30 16:26:08 [org.springframework.web.servlet.PageNotFound]-[WARN] [http-bio-80-exec-10] (DispatcherServlet.java:1161) ->No mapping found for HTTP request with URI [/item-param-list] in DispatcherServlet with name 'lazy-manager' 
2017-05-30 16:26:09 [org.springframework.web.servlet.PageNotFound]-[WARN] [http-bio-80-exec-10] (DispatcherServlet.java:1161) ->No mapping found for HTTP request with URI [/content-category] in DispatcherServlet with name 'lazy-manager' 
2017-05-30 16:26:10 [org.springframework.web.servlet.PageNotFound]-[WARN] [http-bio-80-exec-10] (DispatcherServlet.java:1161) ->No mapping found for HTTP request with URI [/content] in DispatcherServlet with name 'lazy-manager' 
2017-05-30 16:28:45 [org.springframework.web.servlet.PageNotFound]-[WARN] [http-bio-80-exec-6] (DispatcherServlet.java:1161) ->No mapping found for HTTP request with URI [/item/item-add] in DispatcherServlet with name 'lazy-manager' 
2017-05-30 16:31:04 [org.springframework.web.servlet.PageNotFound]-[WARN] [http-bio-80-exec-4] (DispatcherServlet.java:1161) ->No mapping found for HTTP request with URI [/home/item-add] in DispatcherServlet with name 'lazy-manager' 
2017-05-30 16:32:21 [org.springframework.web.servlet.PageNotFound]-[WARN] [http-bio-80-exec-7] (DispatcherServlet.java:1161) ->No mapping found for HTTP request with URI [/js/kindeditor-4.1.10/themes/default/default.css] in DispatcherServlet with name 'lazy-manager' 
2017-05-30 16:32:21 [org.springframework.web.servlet.PageNotFound]-[WARN] [http-bio-80-exec-10] (DispatcherServlet.java:1161) ->No mapping found for HTTP request with URI [/js/kindeditor-4.1.10/kindeditor-all-min.js] in DispatcherServlet with name 'lazy-manager' 
2017-05-30 16:32:30 [org.springframework.web.servlet.PageNotFound]-[WARN] [http-bio-80-exec-6] (DispatcherServlet.java:1161) ->No mapping found for HTTP request with URI [/content/category/list] in DispatcherServlet with name 'lazy-manager' 
2017-05-30 16:32:30 [org.springframework.web.servlet.PageNotFound]-[WARN] [http-bio-80-exec-7] (DispatcherServlet.java:1161) ->No mapping found for HTTP request with URI [/content/category/list] in DispatcherServlet with name 'lazy-manager' 
2017-05-30 16:32:30 [org.springframework.web.servlet.PageNotFound]-[WARN] [http-bio-80-exec-7] (DispatcherServlet.java:1161) ->No mapping found for HTTP request with URI [/content/category/list] in DispatcherServlet with name 'lazy-manager' 
2017-05-30 16:32:30 [org.springframework.web.servlet.PageNotFound]-[WARN] [http-bio-80-exec-7] (DispatcherServlet.java:1161) ->No mapping found for HTTP request with URI [/content/category/list] in DispatcherServlet with name 'lazy-manager' 
2017-05-30 16:35:52 [org.springframework.web.servlet.PageNotFound]-[WARN] [http-bio-80-exec-6] (DispatcherServlet.java:1161) ->No mapping found for HTTP request with URI [/content/category/list] in DispatcherServlet with name 'lazy-manager' 
2017-05-30 16:36:14 [org.springframework.web.servlet.PageNotFound]-[WARN] [http-bio-80-exec-6] (DispatcherServlet.java:1161) ->No mapping found for HTTP request with URI [/content/category/list] in DispatcherServlet with name 'lazy-manager' 
2017-05-30 16:40:35 [org.springframework.web.servlet.PageNotFound]-[WARN] [http-bio-80-exec-10] (DispatcherServlet.java:1161) ->No mapping found for HTTP request with URI [/item/list] in DispatcherServlet with name 'lazy-manager' 
2017-05-30 16:40:46 [org.springframework.web.servlet.PageNotFound]-[WARN] [http-bio-80-exec-10] (DispatcherServlet.java:1161) ->No mapping found for HTTP request with URI [/item/param/list] in DispatcherServlet with name 'lazy-manager' 
2017-05-30 16:40:48 [org.springframework.web.servlet.PageNotFound]-[WARN] [http-bio-80-exec-10] (DispatcherServlet.java:1161) ->No mapping found for HTTP request with URI [/content/category/list] in DispatcherServlet with name 'lazy-manager' 
2017-05-30 16:40:48 [org.springframework.web.servlet.PageNotFound]-[WARN] [http-bio-80-exec-10] (DispatcherServlet.java:1161) ->No mapping found for HTTP request with URI [/content/category/list] in DispatcherServlet with name 'lazy-manager' 
2017-05-30 16:40:56 [org.springframework.web.servlet.PageNotFound]-[WARN] [http-bio-80-exec-10] (DispatcherServlet.java:1161) ->No mapping found for HTTP request with URI [/content/category/list] in DispatcherServlet with name 'lazy-manager' 
2017-05-30 16:40:56 [org.springframework.web.servlet.PageNotFound]-[WARN] [http-bio-80-exec-10] (DispatcherServlet.java:1161) ->No mapping found for HTTP request with URI [/content/category/list] in DispatcherServlet with name 'lazy-manager' 
2017-05-30 16:40:56 [org.springframework.web.servlet.PageNotFound]-[WARN] [http-bio-80-exec-10] (DispatcherServlet.java:1161) ->No mapping found for HTTP request with URI [/content/query/list] in DispatcherServlet with name 'lazy-manager' 
2017-05-30 16:41:02 [org.springframework.web.servlet.PageNotFound]-[WARN] [http-bio-80-exec-10] (DispatcherServlet.java:1161) ->No mapping found for HTTP request with URI [/item/list] in DispatcherServlet with name 'lazy-manager' 
2017-05-30 19:02:09 [org.springframework.web.context.ContextLoader]-[INFO] [localhost-startStop-1] (ContextLoader.java:305) ->Root WebApplicationContext: initialization started 
2017-05-30 19:02:09 [org.springframework.web.context.support.XmlWebApplicationContext]-[INFO] [localhost-startStop-1] (AbstractApplicationContext.java:582) ->Refreshing Root WebApplicationContext: startup date [Tue May 30 19:02:09 CST 2017]; root of context hierarchy 
2017-05-30 19:02:09 [org.springframework.beans.factory.xml.XmlBeanDefinitionReader]-[INFO] [localhost-startStop-1] (XmlBeanDefinitionReader.java:317) ->Loading XML bean definitions from file [E:\code\intellijidea\javaweb\lazy-taotao\lazy-manager\target\classes\conf\applicationContext-dao.xml] 
2017-05-30 19:02:09 [org.springframework.beans.factory.xml.XmlBeanDefinitionReader]-[INFO] [localhost-startStop-1] (XmlBeanDefinitionReader.java:317) ->Loading XML bean definitions from file [E:\code\intellijidea\javaweb\lazy-taotao\lazy-manager\target\classes\conf\applicationContext-service.xml] 
2017-05-30 19:02:09 [org.springframework.beans.factory.xml.XmlBeanDefinitionReader]-[INFO] [localhost-startStop-1] (XmlBeanDefinitionReader.java:317) ->Loading XML bean definitions from file [E:\code\intellijidea\javaweb\lazy-taotao\lazy-manager\target\classes\conf\applicationContext-trans.xml] 
2017-05-30 19:02:09 [org.springframework.context.support.PropertySourcesPlaceholderConfigurer]-[INFO] [localhost-startStop-1] (PropertiesLoaderSupport.java:172) ->Loading properties file from class path resource [prop/db.properties] 
2017-05-30 19:02:09 [org.springframework.beans.factory.annotation.AutowiredAnnotationBeanPostProcessor]-[INFO] [localhost-startStop-1] (AutowiredAnnotationBeanPostProcessor.java:155) ->JSR-330 'javax.inject.Inject' annotation found and supported for autowiring 
2017-05-30 19:02:10 [com.alibaba.druid.pool.DruidDataSource]-[INFO] [localhost-startStop-1] (DruidDataSource.java:715) ->{dataSource-1} inited 
2017-05-30 19:02:11 [org.springframework.web.context.ContextLoader]-[INFO] [localhost-startStop-1] (ContextLoader.java:345) ->Root WebApplicationContext: initialization completed in 2293 ms 
2017-05-30 19:02:11 [org.springframework.web.servlet.DispatcherServlet]-[INFO] [localhost-startStop-1] (FrameworkServlet.java:489) ->FrameworkServlet 'lazy-manager': initialization started 
2017-05-30 19:02:11 [org.springframework.web.context.support.XmlWebApplicationContext]-[INFO] [localhost-startStop-1] (AbstractApplicationContext.java:582) ->Refreshing WebApplicationContext for namespace 'lazy-manager-servlet': startup date [Tue May 30 19:02:11 CST 2017]; parent: Root WebApplicationContext 
2017-05-30 19:02:11 [org.springframework.beans.factory.xml.XmlBeanDefinitionReader]-[INFO] [localhost-startStop-1] (XmlBeanDefinitionReader.java:317) ->Loading XML bean definitions from class path resource [conf/spring-mvc.xml] 
2017-05-30 19:02:11 [org.springframework.beans.factory.annotation.AutowiredAnnotationBeanPostProcessor]-[INFO] [localhost-startStop-1] (AutowiredAnnotationBeanPostProcessor.java:155) ->JSR-330 'javax.inject.Inject' annotation found and supported for autowiring 
2017-05-30 19:02:11 [org.springframework.web.servlet.mvc.method.annotation.RequestMappingHandlerMapping]-[INFO] [localhost-startStop-1] (AbstractHandlerMethodMapping.java:543) ->Mapped "{[/item/getItemById/{id}]}" onto public com.lazy.manager.pojo.Item com.lazy.manager.controller.ItemController.getItemById(java.lang.Long) 
2017-05-30 19:02:11 [org.springframework.web.servlet.mvc.method.annotation.RequestMappingHandlerMapping]-[INFO] [localhost-startStop-1] (AbstractHandlerMethodMapping.java:543) ->Mapped "{[/item/list]}" onto public com.lazy.manager.pojo.PageInfoDataGrid com.lazy.manager.controller.ItemController.getItemList(long,long) 
2017-05-30 19:02:11 [org.springframework.web.servlet.mvc.method.annotation.RequestMappingHandlerMapping]-[INFO] [localhost-startStop-1] (AbstractHandlerMethodMapping.java:543) ->Mapped "{[/view/{view}]}" onto public java.lang.String com.lazy.manager.controller.ViewController.showView(java.lang.String) 
2017-05-30 19:02:11 [org.springframework.web.servlet.mvc.method.annotation.RequestMappingHandlerMapping]-[INFO] [localhost-startStop-1] (AbstractHandlerMethodMapping.java:543) ->Mapped "{[/]}" onto public java.lang.String com.lazy.manager.controller.ViewController.showHome() 
2017-05-30 19:02:11 [org.springframework.web.servlet.mvc.method.annotation.RequestMappingHandlerMapping]-[INFO] [localhost-startStop-1] (AbstractHandlerMethodMapping.java:543) ->Mapped "{[/404]}" onto public java.lang.String com.lazy.manager.controller.ViewController.show404() 
2017-05-30 19:02:11 [org.springframework.web.servlet.mvc.method.annotation.RequestMappingHandlerMapping]-[INFO] [localhost-startStop-1] (AbstractHandlerMethodMapping.java:543) ->Mapped "{[/view/{module}/{view}]}" onto public java.lang.String com.lazy.manager.controller.ViewController.showModuleView(java.lang.String,java.lang.String) 
2017-05-30 19:02:11 [org.springframework.web.servlet.mvc.method.annotation.RequestMappingHandlerMapping]-[INFO] [localhost-startStop-1] (AbstractHandlerMethodMapping.java:543) ->Mapped "{[/view/{module1}/{module2}/{view}]}" onto public java.lang.String com.lazy.manager.controller.ViewController.showModule2View(java.lang.String,java.lang.String,java.lang.String) 
2017-05-30 19:02:12 [org.springframework.web.servlet.mvc.method.annotation.RequestMappingHandlerAdapter]-[INFO] [localhost-startStop-1] (RequestMappingHandlerAdapter.java:534) ->Looking for @ControllerAdvice: WebApplicationContext for namespace 'lazy-manager-servlet': startup date [Tue May 30 19:02:11 CST 2017]; parent: Root WebApplicationContext 
2017-05-30 19:02:12 [org.springframework.web.servlet.mvc.method.annotation.RequestMappingHandlerAdapter]-[INFO] [localhost-startStop-1] (RequestMappingHandlerAdapter.java:534) ->Looking for @ControllerAdvice: WebApplicationContext for namespace 'lazy-manager-servlet': startup date [Tue May 30 19:02:11 CST 2017]; parent: Root WebApplicationContext 
2017-05-30 19:02:12 [org.springframework.web.servlet.handler.SimpleUrlHandlerMapping]-[INFO] [localhost-startStop-1] (AbstractUrlHandlerMapping.java:354) ->Mapped URL path [/static/**] onto handler 'org.springframework.web.servlet.resource.ResourceHttpRequestHandler#0' 
2017-05-30 19:02:12 [org.springframework.web.servlet.DispatcherServlet]-[INFO] [localhost-startStop-1] (FrameworkServlet.java:508) ->FrameworkServlet 'lazy-manager': initialization completed in 1306 ms 
2017-05-30 19:03:14 [org.springframework.web.servlet.PageNotFound]-[WARN] [http-bio-80-exec-2] (DispatcherServlet.java:1161) ->No mapping found for HTTP request with URI [/rest/page/item-edit] in DispatcherServlet with name 'lazy-manager' 
2017-05-30 19:18:54 [org.springframework.web.servlet.PageNotFound]-[WARN] [http-bio-80-exec-4] (DispatcherServlet.java:1161) ->No mapping found for HTTP request with URI [/item/cat/list] in DispatcherServlet with name 'lazy-manager' 
2017-05-30 19:21:29 [org.springframework.web.servlet.PageNotFound]-[WARN] [http-bio-80-exec-8] (DispatcherServlet.java:1161) ->No mapping found for HTTP request with URI [/item/cat/list] in DispatcherServlet with name 'lazy-manager' 
